[16:31:02] [Server thread/INFO]: Starting minecraft server version 1.8.7
[16:31:02] [Server thread/INFO]: Loading properties
[16:31:02] [Server thread/INFO]: Default game type: SURVIVAL
[16:31:02] [Server thread/INFO]: Generating keypair
[16:31:02] [Server thread/INFO]: Starting Minecraft server on *:25565
[16:31:02] [Server thread/INFO]: Using default channel type
[16:31:03] [Server thread/INFO]: This server is running CraftBukkit version git-Bukkit-994b2aa (MC: 1.8.7) (Implementing API version 1.8.7-R0.1-SNAPSHOT)
[16:31:03] [Server thread/WARN]: Failed to load user banlist: 
java.io.FileNotFoundException: banned-players.json (The system cannot find the file specified)
	at java.io.FileInputStream.open(Native Method) ~[?:1.7.0_51]
	at java.io.FileInputStream.<init>(Unknown Source) ~[?:1.7.0_51]
	at com.google.common.io.Files.newReader(Files.java:86) ~[craftbukkit-1.8.7.jar:git-Bukkit-994b2aa]
	at net.minecraft.server.v1_8_R3.JsonList.load(JsonList.java:171) ~[craftbukkit-1.8.7.jar:git-Bukkit-994b2aa]
	at net.minecraft.server.v1_8_R3.DedicatedPlayerList.z(SourceFile:99) [craftbukkit-1.8.7.jar:git-Bukkit-994b2aa]
	at net.minecraft.server.v1_8_R3.DedicatedPlayerList.<init>(SourceFile:25) [craftbukkit-1.8.7.jar:git-Bukkit-994b2aa]
	at net.minecraft.server.v1_8_R3.DedicatedServer.init(DedicatedServer.java:179) [craftbukkit-1.8.7.jar:git-Bukkit-994b2aa]
	at net.minecraft.server.v1_8_R3.MinecraftServer.run(MinecraftServer.java:507) [craftbukkit-1.8.7.jar:git-Bukkit-994b2aa]
	at java.lang.Thread.run(Unknown Source) [?:1.7.0_51]
[16:31:03] [Server thread/WARN]: Failed to load ip banlist: 
java.io.FileNotFoundException: banned-ips.json (The system cannot find the file specified)
	at java.io.FileInputStream.open(Native Method) ~[?:1.7.0_51]
	at java.io.FileInputStream.<init>(Unknown Source) ~[?:1.7.0_51]
	at com.google.common.io.Files.newReader(Files.java:86) ~[craftbukkit-1.8.7.jar:git-Bukkit-994b2aa]
	at net.minecraft.server.v1_8_R3.JsonList.load(JsonList.java:171) ~[craftbukkit-1.8.7.jar:git-Bukkit-994b2aa]
	at net.minecraft.server.v1_8_R3.DedicatedPlayerList.y(SourceFile:91) [craftbukkit-1.8.7.jar:git-Bukkit-994b2aa]
	at net.minecraft.server.v1_8_R3.DedicatedPlayerList.<init>(SourceFile:27) [craftbukkit-1.8.7.jar:git-Bukkit-994b2aa]
	at net.minecraft.server.v1_8_R3.DedicatedServer.init(DedicatedServer.java:179) [craftbukkit-1.8.7.jar:git-Bukkit-994b2aa]
	at net.minecraft.server.v1_8_R3.MinecraftServer.run(MinecraftServer.java:507) [craftbukkit-1.8.7.jar:git-Bukkit-994b2aa]
	at java.lang.Thread.run(Unknown Source) [?:1.7.0_51]
[16:31:03] [Server thread/WARN]: Failed to load operators list: 
java.io.FileNotFoundException: ops.json (The system cannot find the file specified)
	at java.io.FileInputStream.open(Native Method) ~[?:1.7.0_51]
	at java.io.FileInputStream.<init>(Unknown Source) ~[?:1.7.0_51]
	at com.google.common.io.Files.newReader(Files.java:86) ~[craftbukkit-1.8.7.jar:git-Bukkit-994b2aa]
	at net.minecraft.server.v1_8_R3.JsonList.load(JsonList.java:171) ~[craftbukkit-1.8.7.jar:git-Bukkit-994b2aa]
	at net.minecraft.server.v1_8_R3.DedicatedPlayerList.A(SourceFile:107) [craftbukkit-1.8.7.jar:git-Bukkit-994b2aa]
	at net.minecraft.server.v1_8_R3.DedicatedPlayerList.<init>(SourceFile:29) [craftbukkit-1.8.7.jar:git-Bukkit-994b2aa]
	at net.minecraft.server.v1_8_R3.DedicatedServer.init(DedicatedServer.java:179) [craftbukkit-1.8.7.jar:git-Bukkit-994b2aa]
	at net.minecraft.server.v1_8_R3.MinecraftServer.run(MinecraftServer.java:507) [craftbukkit-1.8.7.jar:git-Bukkit-994b2aa]
	at java.lang.Thread.run(Unknown Source) [?:1.7.0_51]
[16:31:03] [Server thread/WARN]: Failed to load white-list: 
java.io.FileNotFoundException: whitelist.json (The system cannot find the file specified)
	at java.io.FileInputStream.open(Native Method) ~[?:1.7.0_51]
	at java.io.FileInputStream.<init>(Unknown Source) ~[?:1.7.0_51]
	at com.google.common.io.Files.newReader(Files.java:86) ~[craftbukkit-1.8.7.jar:git-Bukkit-994b2aa]
	at net.minecraft.server.v1_8_R3.JsonList.load(JsonList.java:171) ~[craftbukkit-1.8.7.jar:git-Bukkit-994b2aa]
	at net.minecraft.server.v1_8_R3.DedicatedPlayerList.C(SourceFile:123) [craftbukkit-1.8.7.jar:git-Bukkit-994b2aa]
	at net.minecraft.server.v1_8_R3.DedicatedPlayerList.<init>(SourceFile:30) [craftbukkit-1.8.7.jar:git-Bukkit-994b2aa]
	at net.minecraft.server.v1_8_R3.DedicatedServer.init(DedicatedServer.java:179) [craftbukkit-1.8.7.jar:git-Bukkit-994b2aa]
	at net.minecraft.server.v1_8_R3.MinecraftServer.run(MinecraftServer.java:507) [craftbukkit-1.8.7.jar:git-Bukkit-994b2aa]
	at java.lang.Thread.run(Unknown Source) [?:1.7.0_51]
[16:31:03] [Server thread/INFO]: Preparing level "world"
[16:31:03] [Server thread/WARN]: Unable to find spawn biome
[16:31:03] [Server thread/INFO]: Preparing start region for level 0 (Seed: -3639580049676435250)
[16:31:04] [Server thread/INFO]: Preparing spawn area: 8%
[16:31:05] [Server thread/INFO]: Preparing spawn area: 18%
[16:31:06] [Server thread/INFO]: Preparing spawn area: 28%
[16:31:07] [Server thread/INFO]: Preparing spawn area: 36%
[16:31:08] [Server thread/INFO]: Preparing spawn area: 46%
[16:31:09] [Server thread/INFO]: Preparing spawn area: 56%
[16:31:10] [Server thread/INFO]: Preparing spawn area: 65%
[16:31:11] [Server thread/INFO]: Preparing spawn area: 74%
[16:31:12] [Server thread/INFO]: Preparing spawn area: 84%
[16:31:13] [Server thread/INFO]: Preparing spawn area: 94%
[16:31:14] [Server thread/INFO]: Done (10.991s)! For help, type "help" or "?"
[16:31:17] [Server thread/INFO]: Stopping the server
[16:31:17] [Server thread/INFO]: Stopping server
[16:31:17] [Server thread/INFO]: Saving players
[16:31:17] [Server thread/INFO]: Saving worlds
[16:31:17] [Server thread/INFO]: Saving chunks for level 'world'/Overworld
