[23:41:32] [Server thread/INFO]: Starting minecraft server version 1.7.10
[23:41:32] [Server thread/INFO]: Loading properties
[23:41:32] [Server thread/INFO]: Default game type: SURVIVAL
[23:41:32] [Server thread/INFO]: This server is running CraftBukkit version git-Spigot-1646 (MC: 1.7.10) (Implementing API version 1.7.10-R0.1-SNAPSHOT)
[23:41:32] [Server thread/INFO]: Debug logging is disabled
[23:41:32] [Server thread/INFO]: Server Ping Player Sample Count: 12
[23:41:32] [Server thread/INFO]: Using 4 threads for Netty based IO
[23:41:32] [Server thread/INFO]: Generating keypair
[23:41:32] [Server thread/INFO]: Starting Minecraft server on *:25565
[23:41:32] [Server thread/INFO]: Set PluginClassLoader as parallel capable
[23:41:33] [Server thread/INFO]: [LoreLocks] Loading LoreLocks v2.2.2.3
[23:41:33] [Server thread/INFO]: [LevelHearts] Loading LevelHearts v1.2.1
[23:41:33] [Server thread/INFO]: [SlotLock] Loading SlotLock v2.0
[23:41:33] [Server thread/INFO]: [PlugMan] Loading PlugMan v2.0.4
[23:41:33] [Server thread/INFO]: [WorldEdit] Loading WorldEdit v6.0;3342-78f975b9
[23:41:33] [Server thread/INFO]: [RealChop] Loading RealChop v0.8.3
[23:41:33] [Server thread/INFO]: [ProtocolLib] Loading ProtocolLib v3.4.0
[23:41:33] [Server thread/WARN]: [ProtocolLib] Version (MC: 1.7.10) has not yet been tested! Proceed with caution.
[23:41:33] [Server thread/INFO]: [Multiverse-Core] Loading Multiverse-Core v2.5-b691
[23:41:33] [Server thread/INFO]: [MotdEdit] Loading MotdEdit v1.0
[23:41:33] [Server thread/INFO]: [Multiverse-Portals] Loading Multiverse-Portals v2.5-bUNKNOWN
[23:41:33] [Server thread/INFO]: [ServerListPlus] Loading ServerListPlus v3.2.1
[23:41:33] [Server thread/INFO]: [Shopkeepers] Loading Shopkeepers v1.60
[23:41:33] [Server thread/INFO]: [ProtocolLib] Enabling ProtocolLib v3.4.0
[23:41:33] [Server thread/INFO]: [ProtocolLib] Started structure compiler thread.
[23:41:33] [Server thread/INFO]: **** Beginning UUID conversion, this may take A LONG time ****
[23:41:33] [Server thread/INFO]: Preparing level "world"
[23:41:33] [Server thread/INFO]: -------- World Settings For [world] --------
[23:41:33] [Server thread/INFO]: View Distance: 16
[23:41:33] [Server thread/INFO]: Experience Merge Radius: 3.0
[23:41:33] [Server thread/INFO]: Chunks to Grow per Tick: 650
[23:41:33] [Server thread/INFO]: Clear tick list: false
[23:41:33] [Server thread/INFO]: Item Despawn Rate: 6000
[23:41:33] [Server thread/INFO]: Zombie Aggressive Towards Villager: true
[23:41:33] [Server thread/INFO]: Allow Zombie Pigmen to spawn from portal blocks: true
[23:41:33] [Server thread/INFO]: Anti X-Ray: true
[23:41:33] [Server thread/INFO]: 	Engine Mode: 1
[23:41:33] [Server thread/INFO]: 	Hidden Blocks: [14, 15, 16, 21, 48, 49, 54, 56, 73, 74, 82, 129, 130]
[23:41:33] [Server thread/INFO]: 	Replace Blocks: [1, 5]
[23:41:33] [Server thread/INFO]: Structure Info Saving: true
[23:41:33] [Server thread/INFO]: Max TNT Explosions: 100
[23:41:33] [Server thread/INFO]: Mob Spawn Range: 4
[23:41:33] [Server thread/INFO]: Entity Tracking Range: Pl 48 / An 48 / Mo 48 / Mi 32 / Other 64
[23:41:33] [Server thread/INFO]: Alternative Hopper Ticking: false
[23:41:33] [Server thread/INFO]: Hopper Transfer: 8 Hopper Check: 8 Hopper Amount: 1
[23:41:33] [Server thread/INFO]: Random Lighting Updates: false
[23:41:33] [Server thread/INFO]: Arrow Despawn Rate: 1200
[23:41:33] [Server thread/INFO]: Item Merge Radius: 2.5
[23:41:33] [Server thread/INFO]: Entity Activation Range: An 32 / Mo 32 / Mi 16
[23:41:33] [Server thread/INFO]: Cactus Growth Modifier: 100%
[23:41:33] [Server thread/INFO]: Cane Growth Modifier: 100%
[23:41:33] [Server thread/INFO]: Melon Growth Modifier: 100%
[23:41:33] [Server thread/INFO]: Mushroom Growth Modifier: 100%
[23:41:33] [Server thread/INFO]: Pumpkin Growth Modifier: 100%
[23:41:33] [Server thread/INFO]: Sapling Growth Modifier: 100%
[23:41:33] [Server thread/INFO]: Wheat Growth Modifier: 100%
[23:41:33] [Server thread/INFO]: Nerfing mobs spawned from spawners: false
[23:41:33] [Server thread/INFO]: Max Entity Collisions: 8
[23:41:33] [Server thread/INFO]: Sending up to 5 chunks per packet
[23:41:33] [Server thread/INFO]: Custom Map Seeds:  Village: 10387312 Feature: 14357617
[23:41:33] [Server thread/INFO]: Preparing start region for level 0 (Seed: 1550981320785837543)
[23:41:33] [Server thread/INFO]: [LoreLocks] Enabling LoreLocks v2.2.2.3
[23:41:33] [Server thread/INFO]: [LoreLocks] Loaded 6 locks.
[23:41:33] [Server thread/INFO]: [LoreLocks] Loaded 3 traps.
[23:41:33] [Server thread/INFO]: [LoreLocks] Loaded 4 events.
[23:41:33] [Server thread/INFO]: [LoreLocks] Loaded 0 doors.
[23:41:33] [Server thread/INFO]: [LoreLocks] Enabled LoreLocks v2.2.2.3
[23:41:33] [Server thread/INFO]: [LevelHearts] Enabling LevelHearts v1.2.1
[23:41:33] [Server thread/INFO]: [LevelHearts] Enabled successfully.
[23:41:33] [Server thread/INFO]: [SlotLock] Enabling SlotLock v2.0
[23:41:33] [Server thread/INFO]: [PlugMan] Enabling PlugMan v2.0.4
[23:41:33] [Server thread/INFO]: [WorldEdit] Enabling WorldEdit v6.0;3342-78f975b9
[23:41:34] [Server thread/INFO]: WEPIF: Using the Bukkit Permissions API.
[23:41:34] [Server thread/INFO]: [WorldEdit] Using com.sk89q.worldedit.bukkit.adapter.impl.CraftBukkit_v1_7_R4 as the Bukkit adapter
[23:41:34] [Server thread/INFO]: [RealChop] Enabling RealChop v0.8.3
[23:41:34] [Server thread/INFO]: [Multiverse-Core] Enabling Multiverse-Core v2.5-b691
[23:41:34] [Server thread/INFO]: [Multiverse-Core] [AllPay] - Version 13.0 - using only an item based economy for Multiverse-Core v2.5-b691
[23:41:34] [Server thread/INFO]: [Multiverse-Core] 1 - World(s) loaded.
[23:41:34] [Server thread/INFO]: [Multiverse-Core] Version 2.5-b691 (API v18) Enabled - By Rigby, fernferret, lithium3141 and main--
[23:41:34] [Server thread/INFO]: [MotdEdit] Enabling MotdEdit v1.0
[23:41:34] [Server thread/INFO]: [Multiverse-Portals] Enabling Multiverse-Portals v2.5-bUNKNOWN
[23:41:34] [Server thread/INFO]: [Multiverse-Portals] - Version 2.5-bUNKNOWN Enabled - By Rigby and fernferret
[23:41:34] [Server thread/INFO]: [Logging] 0 - Portals(s) loaded
[23:41:34] [Server thread/INFO]: [Multiverse-Portals] Found WorldEdit, using it for selections.
[23:41:34] [Server thread/INFO]: [ServerListPlus] Enabling ServerListPlus v3.2.1
[23:41:34] [Server thread/INFO]: [ServerListPlus] Loading core...
[23:41:34] [Server thread/INFO]: [ServerListPlus] [Core] Reloading configuration...
[23:41:34] [Server thread/INFO]: [ServerListPlus] [Core] Loaded configuration: ServerStatusConf
[23:41:34] [Server thread/INFO]: [ServerListPlus] [Core] Loaded configuration: PluginConf
[23:41:34] [Server thread/INFO]: [ServerListPlus] [Core] Loaded configuration: CoreConf
[23:41:34] [Server thread/INFO]: [ServerListPlus] [Core] 3 configurations loaded.
[23:41:34] [Server thread/INFO]: [ServerListPlus] Core was successfully loaded!
[23:41:34] [Server thread/INFO]: [ServerListPlus] ServerListPlus v3.2.1 enabled.
[23:41:34] [Server thread/INFO]: [Shopkeepers] Enabling Shopkeepers v1.60
[23:41:34] [Server thread/INFO]: Done (1.484s)! For help, type "help" or "?"
[23:41:34] [Server thread/INFO]: [PlugMan] Metrics started: http://mcstats.org/plugin/PlugMan
[23:41:35] [Craft Scheduler Thread - 5/INFO]: [PlugMan] No update was found.
[23:42:06] [Server thread/INFO]: [ServerListPlus] Disabling ServerListPlus v3.2.1
[23:42:06] [Server thread/INFO]: [ServerListPlus] ServerListPlus v3.2.1 disabled.
[23:42:06] [Server thread/INFO]: [0;37;22m[[0;32;1mPlugMan[0;37;22m] [0;34;1mServerListPlus has been disabled.[m
[23:42:11] [User Authenticator #1/INFO]: UUID of player thudog77 is 1242482d-c50e-44fa-9556-fe1d25921ed7
[23:42:11] [Server thread/INFO]: thudog77[/127.0.0.1:63078] logged in with entity id 122 at ([world] -120.3609840939557, 66.0, 180.30887348305876)
[23:42:14] [Server thread/INFO]: thudog77 issued server command: /gamemode 1
[23:42:14] [Server thread/INFO]: thudog77: Set own game mode to CREATIVE mode[m
[23:42:32] [Server thread/INFO]: thudog77 issued server command: /mvp create spawn
[23:42:37] [Server thread/INFO]: CONSOLE: Stopping the server..[m
[23:42:37] [Server thread/INFO]: Stopping server
[23:42:37] [Server thread/INFO]: [Shopkeepers] Disabling Shopkeepers v1.60
[23:42:37] [Server thread/INFO]: [Multiverse-Portals] Disabling Multiverse-Portals v2.5-bUNKNOWN
[23:42:37] [Server thread/INFO]: [MotdEdit] Disabling MotdEdit v1.0
[23:42:37] [Server thread/INFO]: [Multiverse-Core] Disabling Multiverse-Core v2.5-b691
[23:42:37] [Server thread/INFO]: [ProtocolLib] Disabling ProtocolLib v3.4.0
[23:42:37] [Server thread/INFO]: [RealChop] Disabling RealChop v0.8.3
[23:42:37] [Server thread/INFO]: [WorldEdit] Disabling WorldEdit v6.0;3342-78f975b9
[23:42:37] [Server thread/INFO]: [PlugMan] Disabling PlugMan v2.0.4
[23:42:37] [Server thread/INFO]: [SlotLock] Disabling SlotLock v2.0
[23:42:37] [Server thread/INFO]: [LevelHearts] Disabling LevelHearts v1.2.1
[23:42:37] [Server thread/INFO]: [LevelHearts] Disabled successfully.
[23:42:37] [Server thread/INFO]: [LoreLocks] Disabling LoreLocks v2.2.2.3
[23:42:37] [Server thread/INFO]: [LoreLocks] Disabled LoreLocks v2.2.2.3
[23:42:37] [Server thread/INFO]: Saving players
[23:42:37] [Server thread/INFO]: thudog77 lost connection: Server closed
[23:42:37] [Server thread/INFO]: thudog77 left the game.
[23:42:37] [Server thread/INFO]: Saving worlds
[23:42:37] [Server thread/INFO]: Saving chunks for level 'world'/Overworld
[23:42:37] [Thread-4/INFO]: Stopping server
[23:42:37] [Thread-4/INFO]: Saving players
[23:42:37] [Thread-4/INFO]: Saving worlds
[23:42:37] [Thread-4/INFO]: Saving chunks for level 'world'/Overworld
